{
    "timestamp": "22-05-2023 @ 14:00:46",
    "request": "__main__",
    "source_ip": "192.168.10.209",
    "log_type": "INFO",
    "log_content": "[FLASK] Starting Flask Server..."
}{
    "timestamp": "22-05-2023 @ 14:46:43",
    "request": "internal_method_call",
    "source_ip": "192.168.10.209",
    "log_type": "INFO",
    "log_content": "[INFO] Loaded face encondings from database."
}{
    "timestamp": "22-05-2023 @ 14:46:43",
    "request": "<Request 'http://192.168.10.209:4410/match/' [POST]>",
    "source_ip": "192.168.10.66",
    "log_type": "INFO",
    "log_content": "[INFO] Best match for image provided: Employee 101. Confidence Score 0.5383588748716858."
}{
    "timestamp": "23-05-2023 @ 09:35:09",
    "request": "__main__",
    "source_ip": "192.168.10.209",
    "log_type": "INFO",
    "log_content": "[FLASK] Starting Flask Server..."
}{
    "timestamp": "23-05-2023 @ 09:44:05",
    "request": "internal_method_call",
    "source_ip": "192.168.10.209",
    "log_type": "INFO",
    "log_content": "[INFO] Loaded face encondings from database."
}{
    "timestamp": "23-05-2023 @ 09:44:05",
    "request": "<Request 'http://192.168.10.209:4410/match/' [POST]>",
    "source_ip": "192.168.10.66",
    "log_type": "INFO",
    "log_content": "[INFO] Best match for image provided: Employee 101. Confidence Score 0.5383588748716858."
}{
    "timestamp": "23-05-2023 @ 09:44:43",
    "request": "internal_method_call",
    "source_ip": "192.168.10.209",
    "log_type": "INFO",
    "log_content": "[INFO] Loaded face encondings from database."
}{
    "timestamp": "23-05-2023 @ 09:44:43",
    "request": "<Request 'http://192.168.10.209:4410/match/' [POST]>",
    "source_ip": "192.168.10.66",
    "log_type": "INFO",
    "log_content": "[INFO] Best match for image provided: Employee 101. Confidence Score 0.5383588748716858."
}{
    "timestamp": "23-05-2023 @ 09:44:59",
    "request": "internal_method_call",
    "source_ip": "192.168.10.209",
    "log_type": "INFO",
    "log_content": "[INFO] Loaded face encondings from database."
}{
    "timestamp": "23-05-2023 @ 09:44:59",
    "request": "<Request 'http://192.168.10.209:4410/match/' [POST]>",
    "source_ip": "192.168.10.66",
    "log_type": "INFO",
    "log_content": "[INFO] Best match for image provided: Employee 101. Confidence Score 0.5383588748716858."
}{
    "timestamp": "23-05-2023 @ 14:42:55",
    "request": "__main__",
    "source_ip": "192.168.10.209",
    "log_type": "INFO",
    "log_content": "[FLASK] Starting Flask Server..."
}{
    "timestamp": "23-05-2023 @ 14:43:01",
    "request": "internal_method_call",
    "source_ip": "192.168.10.209",
    "log_type": "INFO",
    "log_content": "[INFO] Loaded face encondings from database."
}{
    "timestamp": "23-05-2023 @ 14:43:01",
    "request": "<Request 'http://192.168.10.209:4410/match/' [POST]>",
    "source_ip": "192.168.10.66",
    "log_type": "INFO",
    "log_content": "[INFO] Best match for image provided: Employee 101. Confidence Score 0.5383588748716858."
}{
    "timestamp": "23-05-2023 @ 14:44:23",
    "request": "internal_method_call",
    "source_ip": "192.168.10.209",
    "log_type": "INFO",
    "log_content": "[INFO] Loaded face encondings from database."
}{
    "timestamp": "23-05-2023 @ 14:44:23",
    "request": "<Request 'http://192.168.10.209:4410/match/' [POST]>",
    "source_ip": "192.168.10.66",
    "log_type": "INFO",
    "log_content": "[INFO] Best match for image provided: Employee 101. Confidence Score 0.5383588748716858."
}{
    "timestamp": "23-05-2023 @ 14:44:36",
    "request": "internal_method_call",
    "source_ip": "192.168.10.209",
    "log_type": "INFO",
    "log_content": "[INFO] Loaded face encondings from database."
}{
    "timestamp": "23-05-2023 @ 14:44:36",
    "request": "<Request 'http://192.168.10.209:4410/match/' [POST]>",
    "source_ip": "192.168.10.66",
    "log_type": "INFO",
    "log_content": "[INFO] Best match for image provided: Employee 101. Confidence Score 0.5383588748716858."
}{
    "timestamp": "23-05-2023 @ 14:45:21",
    "request": "internal_method_call",
    "source_ip": "192.168.10.209",
    "log_type": "INFO",
    "log_content": "[INFO] Loaded face encondings from database."
}{
    "timestamp": "23-05-2023 @ 14:45:21",
    "request": "<Request 'http://192.168.10.209:4410/match/' [POST]>",
    "source_ip": "192.168.10.66",
    "log_type": "INFO",
    "log_content": "[INFO] Best match for image provided: Employee 101. Confidence Score 0.5383588748716858."
}{
    "timestamp": "23-05-2023 @ 14:45:44",
    "request": "internal_method_call",
    "source_ip": "192.168.10.209",
    "log_type": "INFO",
    "log_content": "[INFO] Loaded face encondings from database."
}{
    "timestamp": "23-05-2023 @ 14:45:44",
    "request": "<Request 'http://192.168.10.209:4410/match/' [POST]>",
    "source_ip": "192.168.10.66",
    "log_type": "INFO",
    "log_content": "[INFO] Best match for image provided: Employee 101. Confidence Score 0.5383588748716858."
}{
    "timestamp": "23-05-2023 @ 14:46:05",
    "request": "internal_method_call",
    "source_ip": "192.168.10.209",
    "log_type": "INFO",
    "log_content": "[INFO] Loaded face encondings from database."
}{
    "timestamp": "23-05-2023 @ 14:46:05",
    "request": "<Request 'http://192.168.10.209:4410/match/' [POST]>",
    "source_ip": "192.168.10.66",
    "log_type": "INFO",
    "log_content": "[INFO] Best match for image provided: Employee 101. Confidence Score 0.5383588748716858."
}{
    "timestamp": "23-05-2023 @ 14:46:16",
    "request": "internal_method_call",
    "source_ip": "192.168.10.209",
    "log_type": "INFO",
    "log_content": "[INFO] Loaded face encondings from database."
}{
    "timestamp": "23-05-2023 @ 14:46:16",
    "request": "<Request 'http://192.168.10.209:4410/match/' [POST]>",
    "source_ip": "192.168.10.66",
    "log_type": "INFO",
    "log_content": "[INFO] Best match for image provided: Employee 101. Confidence Score 0.5383588748716858."
}{
    "timestamp": "23-05-2023 @ 14:48:00",
    "request": "internal_method_call",
    "source_ip": "192.168.10.209",
    "log_type": "INFO",
    "log_content": "[INFO] Loaded face encondings from database."
}{
    "timestamp": "23-05-2023 @ 14:48:00",
    "request": "<Request 'http://192.168.10.209:4410/match/' [POST]>",
    "source_ip": "192.168.10.66",
    "log_type": "INFO",
    "log_content": "[INFO] Best match for image provided: Employee 101. Confidence Score 0.5383588748716858."
}{
    "timestamp": "23-05-2023 @ 14:48:59",
    "request": "internal_method_call",
    "source_ip": "192.168.10.209",
    "log_type": "INFO",
    "log_content": "[INFO] Loaded face encondings from database."
}{
    "timestamp": "23-05-2023 @ 14:48:59",
    "request": "<Request 'http://192.168.10.209:4410/match/' [POST]>",
    "source_ip": "192.168.10.66",
    "log_type": "INFO",
    "log_content": "[INFO] Best match for image provided: Employee 101. Confidence Score 0.5383588748716858."
}{
    "timestamp": "23-05-2023 @ 14:49:19",
    "request": "internal_method_call",
    "source_ip": "192.168.10.209",
    "log_type": "INFO",
    "log_content": "[INFO] Loaded face encondings from database."
}{
    "timestamp": "23-05-2023 @ 14:49:19",
    "request": "<Request 'http://192.168.10.209:4410/match/' [POST]>",
    "source_ip": "192.168.10.66",
    "log_type": "INFO",
    "log_content": "[INFO] Best match for image provided: Employee 101. Confidence Score 0.5383588748716858."
}{
    "timestamp": "23-05-2023 @ 14:49:34",
    "request": "internal_method_call",
    "source_ip": "192.168.10.209",
    "log_type": "INFO",
    "log_content": "[INFO] Loaded face encondings from database."
}{
    "timestamp": "23-05-2023 @ 14:49:34",
    "request": "<Request 'http://192.168.10.209:4410/match/' [POST]>",
    "source_ip": "192.168.10.66",
    "log_type": "INFO",
    "log_content": "[INFO] Best match for image provided: Employee 101. Confidence Score 0.5383588748716858."
}{
    "timestamp": "23-05-2023 @ 14:57:16",
    "request": "internal_method_call",
    "source_ip": "192.168.10.209",
    "log_type": "INFO",
    "log_content": "[INFO] Loaded face encondings from database."
}{
    "timestamp": "23-05-2023 @ 14:57:16",
    "request": "<Request 'http://192.168.10.209:4410/match/' [POST]>",
    "source_ip": "192.168.10.66",
    "log_type": "INFO",
    "log_content": "[INFO] Best match for image provided: Employee 101. Confidence Score 0.5383588748716858."
}{
    "timestamp": "23-05-2023 @ 14:58:18",
    "request": "internal_method_call",
    "source_ip": "192.168.10.209",
    "log_type": "INFO",
    "log_content": "[INFO] Loaded face encondings from database."
}{
    "timestamp": "23-05-2023 @ 14:58:18",
    "request": "<Request 'http://192.168.10.209:4410/match/' [POST]>",
    "source_ip": "192.168.10.66",
    "log_type": "INFO",
    "log_content": "[INFO] Best match for image provided: Employee 101. Confidence Score 0.5383588748716858."
}{
    "timestamp": "23-05-2023 @ 15:01:10",
    "request": "internal_method_call",
    "source_ip": "192.168.10.209",
    "log_type": "INFO",
    "log_content": "[INFO] Loaded face encondings from database."
}{
    "timestamp": "23-05-2023 @ 15:01:10",
    "request": "<Request 'http://192.168.10.209:4410/match/' [POST]>",
    "source_ip": "192.168.10.66",
    "log_type": "INFO",
    "log_content": "[INFO] Best match for image provided: Employee 101. Confidence Score 0.5383588748716858."
}{
    "timestamp": "23-05-2023 @ 15:01:53",
    "request": "internal_method_call",
    "source_ip": "192.168.10.209",
    "log_type": "INFO",
    "log_content": "[INFO] Loaded face encondings from database."
}{
    "timestamp": "23-05-2023 @ 15:01:53",
    "request": "<Request 'http://192.168.10.209:4410/match/' [POST]>",
    "source_ip": "192.168.10.66",
    "log_type": "INFO",
    "log_content": "[INFO] Best match for image provided: Employee 101. Confidence Score 0.5383588748716858."
}{
    "timestamp": "23-05-2023 @ 15:03:44",
    "request": "internal_method_call",
    "source_ip": "192.168.10.209",
    "log_type": "INFO",
    "log_content": "[INFO] Loaded face encondings from database."
}{
    "timestamp": "23-05-2023 @ 15:03:44",
    "request": "<Request 'http://192.168.10.209:4410/match/' [POST]>",
    "source_ip": "192.168.10.66",
    "log_type": "INFO",
    "log_content": "[INFO] Best match for image provided: Employee 101. Confidence Score 0.5383588748716858."
}{
    "timestamp": "23-05-2023 @ 15:04:26",
    "request": "internal_method_call",
    "source_ip": "192.168.10.209",
    "log_type": "INFO",
    "log_content": "[INFO] Loaded face encondings from database."
}{
    "timestamp": "23-05-2023 @ 15:04:26",
    "request": "<Request 'http://192.168.10.209:4410/match/' [POST]>",
    "source_ip": "192.168.10.66",
    "log_type": "INFO",
    "log_content": "[INFO] Best match for image provided: Employee 101. Confidence Score 0.5383588748716858."
}{
    "timestamp": "23-05-2023 @ 15:06:16",
    "request": "__main__",
    "source_ip": "192.168.10.209",
    "log_type": "INFO",
    "log_content": "[FLASK] Starting Flask Server..."
}{
    "timestamp": "23-05-2023 @ 15:06:22",
    "request": "internal_method_call",
    "source_ip": "192.168.10.209",
    "log_type": "INFO",
    "log_content": "[INFO] Loaded face encondings from database."
}{
    "timestamp": "23-05-2023 @ 15:06:22",
    "request": "<Request 'http://192.168.10.209:4410/match/' [POST]>",
    "source_ip": "192.168.10.66",
    "log_type": "INFO",
    "log_content": "[INFO] Best match for image provided: Employee 101. Confidence Score 0.5383588748716858."
}{
    "timestamp": "23-05-2023 @ 15:08:26",
    "request": "internal_method_call",
    "source_ip": "192.168.10.209",
    "log_type": "INFO",
    "log_content": "[INFO] Loaded face encondings from database."
}{
    "timestamp": "23-05-2023 @ 15:08:26",
    "request": "<Request 'http://192.168.10.209:4410/match/' [POST]>",
    "source_ip": "192.168.10.66",
    "log_type": "INFO",
    "log_content": "[INFO] Best match for image provided: Employee 101. Confidence Score 0.5383588748716858."
}{
    "timestamp": "23-05-2023 @ 15:08:50",
    "request": "internal_method_call",
    "source_ip": "192.168.10.209",
    "log_type": "INFO",
    "log_content": "[INFO] Loaded face encondings from database."
}{
    "timestamp": "23-05-2023 @ 15:08:50",
    "request": "<Request 'http://192.168.10.209:4410/match/' [POST]>",
    "source_ip": "192.168.10.66",
    "log_type": "INFO",
    "log_content": "[INFO] Best match for image provided: Employee 101. Confidence Score 0.5383588748716858."
}{
    "timestamp": "23-05-2023 @ 15:09:39",
    "request": "internal_method_call",
    "source_ip": "192.168.10.209",
    "log_type": "INFO",
    "log_content": "[INFO] Loaded face encondings from database."
}{
    "timestamp": "23-05-2023 @ 15:09:39",
    "request": "<Request 'http://192.168.10.209:4410/match/' [POST]>",
    "source_ip": "192.168.10.66",
    "log_type": "INFO",
    "log_content": "[INFO] Best match for image provided: Employee 101. Confidence Score 0.5383588748716858."
}{
    "timestamp": "23-05-2023 @ 15:09:58",
    "request": "internal_method_call",
    "source_ip": "192.168.10.209",
    "log_type": "INFO",
    "log_content": "[INFO] Loaded face encondings from database."
}{
    "timestamp": "23-05-2023 @ 15:09:58",
    "request": "<Request 'http://192.168.10.209:4410/match/' [POST]>",
    "source_ip": "192.168.10.66",
    "log_type": "INFO",
    "log_content": "[INFO] Best match for image provided: Employee 101. Confidence Score 0.5383588748716858."
}{
    "timestamp": "23-05-2023 @ 15:11:59",
    "request": "internal_method_call",
    "source_ip": "192.168.10.209",
    "log_type": "INFO",
    "log_content": "[INFO] Loaded face encondings from database."
}{
    "timestamp": "23-05-2023 @ 15:11:59",
    "request": "<Request 'http://192.168.10.209:4410/match/' [POST]>",
    "source_ip": "192.168.10.66",
    "log_type": "INFO",
    "log_content": "[INFO] Best match for image provided: Employee 101. Confidence Score 0.5383588748716858."
}{
    "timestamp": "23-05-2023 @ 15:12:25",
    "request": "internal_method_call",
    "source_ip": "192.168.10.209",
    "log_type": "INFO",
    "log_content": "[INFO] Loaded face encondings from database."
}{
    "timestamp": "23-05-2023 @ 15:12:25",
    "request": "<Request 'http://192.168.10.209:4410/match/' [POST]>",
    "source_ip": "192.168.10.66",
    "log_type": "INFO",
    "log_content": "[INFO] Best match for image provided: Employee 101. Confidence Score 0.5383588748716858."
}{
    "timestamp": "23-05-2023 @ 15:12:58",
    "request": "internal_method_call",
    "source_ip": "192.168.10.209",
    "log_type": "INFO",
    "log_content": "[INFO] Loaded face encondings from database."
}{
    "timestamp": "23-05-2023 @ 15:12:58",
    "request": "<Request 'http://192.168.10.209:4410/match/' [POST]>",
    "source_ip": "192.168.10.66",
    "log_type": "INFO",
    "log_content": "[INFO] Best match for image provided: Employee 101. Confidence Score 0.5383588748716858."
}{
    "timestamp": "23-05-2023 @ 15:13:21",
    "request": "internal_method_call",
    "source_ip": "192.168.10.209",
    "log_type": "INFO",
    "log_content": "[INFO] Loaded face encondings from database."
}{
    "timestamp": "23-05-2023 @ 15:13:21",
    "request": "<Request 'http://192.168.10.209:4410/match/' [POST]>",
    "source_ip": "192.168.10.66",
    "log_type": "INFO",
    "log_content": "[INFO] Best match for image provided: Employee 101. Confidence Score 0.5383588748716858."
}{
    "timestamp": "23-05-2023 @ 15:14:50",
    "request": "internal_method_call",
    "source_ip": "192.168.10.209",
    "log_type": "INFO",
    "log_content": "[INFO] Loaded face encondings from database."
}{
    "timestamp": "23-05-2023 @ 15:14:50",
    "request": "<Request 'http://192.168.10.209:4410/match/' [POST]>",
    "source_ip": "192.168.10.66",
    "log_type": "INFO",
    "log_content": "[INFO] Best match for image provided: Employee 101. Confidence Score 0.5383588748716858."
}{
    "timestamp": "23-05-2023 @ 15:15:27",
    "request": "internal_method_call",
    "source_ip": "192.168.10.209",
    "log_type": "INFO",
    "log_content": "[INFO] Loaded face encondings from database."
}{
    "timestamp": "23-05-2023 @ 15:15:27",
    "request": "<Request 'http://192.168.10.209:4410/match/' [POST]>",
    "source_ip": "192.168.10.66",
    "log_type": "INFO",
    "log_content": "[INFO] Best match for image provided: Employee 101. Confidence Score 0.5383588748716858."
}{
    "timestamp": "23-05-2023 @ 15:16:39",
    "request": "internal_method_call",
    "source_ip": "192.168.10.209",
    "log_type": "INFO",
    "log_content": "[INFO] Loaded face encondings from database."
}{
    "timestamp": "23-05-2023 @ 15:16:39",
    "request": "<Request 'http://192.168.10.209:4410/match/' [POST]>",
    "source_ip": "192.168.10.66",
    "log_type": "INFO",
    "log_content": "[INFO] Best match for image provided: Employee 101. Confidence Score 0.5383588748716858."
}{
    "timestamp": "23-05-2023 @ 15:17:06",
    "request": "internal_method_call",
    "source_ip": "192.168.10.209",
    "log_type": "INFO",
    "log_content": "[INFO] Loaded face encondings from database."
}{
    "timestamp": "23-05-2023 @ 15:17:06",
    "request": "<Request 'http://192.168.10.209:4410/match/' [POST]>",
    "source_ip": "192.168.10.66",
    "log_type": "INFO",
    "log_content": "[INFO] Best match for image provided: Employee 101. Confidence Score 0.5383588748716858."
}{
    "timestamp": "23-05-2023 @ 15:18:49",
    "request": "internal_method_call",
    "source_ip": "192.168.10.209",
    "log_type": "INFO",
    "log_content": "[INFO] Loaded face encondings from database."
}{
    "timestamp": "23-05-2023 @ 15:18:49",
    "request": "<Request 'http://192.168.10.209:4410/match/' [POST]>",
    "source_ip": "192.168.10.66",
    "log_type": "INFO",
    "log_content": "[INFO] Best match for image provided: Employee 101. Confidence Score 0.5383588748716858."
}{
    "timestamp": "23-05-2023 @ 15:19:35",
    "request": "internal_method_call",
    "source_ip": "192.168.10.209",
    "log_type": "INFO",
    "log_content": "[INFO] Loaded face encondings from database."
}{
    "timestamp": "23-05-2023 @ 15:19:35",
    "request": "<Request 'http://192.168.10.209:4410/match/' [POST]>",
    "source_ip": "192.168.10.66",
    "log_type": "INFO",
    "log_content": "[INFO] Best match for image provided: Employee 101. Confidence Score 0.5383588748716858."
}{
    "timestamp": "23-05-2023 @ 15:22:10",
    "request": "internal_method_call",
    "source_ip": "192.168.10.209",
    "log_type": "INFO",
    "log_content": "[INFO] Loaded face encondings from database."
}{
    "timestamp": "23-05-2023 @ 15:22:10",
    "request": "<Request 'http://192.168.10.209:4410/match/' [POST]>",
    "source_ip": "192.168.10.66",
    "log_type": "INFO",
    "log_content": "[INFO] Best match for image provided: Employee 101. Confidence Score 0.5383588748716858."
}{
    "timestamp": "23-05-2023 @ 15:23:43",
    "request": "internal_method_call",
    "source_ip": "192.168.10.209",
    "log_type": "INFO",
    "log_content": "[INFO] Loaded face encondings from database."
}{
    "timestamp": "23-05-2023 @ 15:23:43",
    "request": "<Request 'http://192.168.10.209:4410/match/' [POST]>",
    "source_ip": "192.168.10.66",
    "log_type": "INFO",
    "log_content": "[INFO] Best match for image provided: Employee 101. Confidence Score 0.5383588748716858."
}{
    "timestamp": "23-05-2023 @ 15:23:59",
    "request": "internal_method_call",
    "source_ip": "192.168.10.209",
    "log_type": "INFO",
    "log_content": "[INFO] Loaded face encondings from database."
}{
    "timestamp": "23-05-2023 @ 15:23:59",
    "request": "<Request 'http://192.168.10.209:4410/match/' [POST]>",
    "source_ip": "192.168.10.66",
    "log_type": "INFO",
    "log_content": "[INFO] Best match for image provided: Employee 101. Confidence Score 0.5383588748716858."
}{
    "timestamp": "23-05-2023 @ 15:24:50",
    "request": "internal_method_call",
    "source_ip": "192.168.10.209",
    "log_type": "INFO",
    "log_content": "[INFO] Loaded face encondings from database."
}{
    "timestamp": "23-05-2023 @ 15:24:50",
    "request": "<Request 'http://192.168.10.209:4410/match/' [POST]>",
    "source_ip": "192.168.10.66",
    "log_type": "INFO",
    "log_content": "[INFO] Best match for image provided: Employee 101. Confidence Score 0.5383588748716858."
}{
    "timestamp": "23-05-2023 @ 15:25:02",
    "request": "internal_method_call",
    "source_ip": "192.168.10.209",
    "log_type": "INFO",
    "log_content": "[INFO] Loaded face encondings from database."
}{
    "timestamp": "23-05-2023 @ 15:25:02",
    "request": "<Request 'http://192.168.10.209:4410/match/' [POST]>",
    "source_ip": "192.168.10.66",
    "log_type": "INFO",
    "log_content": "[INFO] Best match for image provided: Employee 101. Confidence Score 0.5383588748716858."
}{
    "timestamp": "24-05-2023 @ 06:30:55",
    "request": "__main__",
    "source_ip": "192.168.10.209",
    "log_type": "INFO",
    "log_content": "[FLASK] Starting Flask Server..."
}{
    "timestamp": "24-05-2023 @ 06:31:19",
    "request": "internal_method_call",
    "source_ip": "192.168.10.209",
    "log_type": "INFO",
    "log_content": "[INFO] Loaded face encondings from database."
}{
    "timestamp": "24-05-2023 @ 06:31:19",
    "request": "<Request 'http://192.168.10.209:4410/match/' [POST]>",
    "source_ip": "192.168.10.66",
    "log_type": "INFO",
    "log_content": "[INFO] Best match for image provided: Employee 101. Confidence Score 0.99999."
}{
    "timestamp": "24-05-2023 @ 06:32:22",
    "request": "__main__",
    "source_ip": "192.168.10.209",
    "log_type": "INFO",
    "log_content": "[FLASK] Starting Flask Server..."
}{
    "timestamp": "24-05-2023 @ 06:32:38",
    "request": "internal_method_call",
    "source_ip": "192.168.10.209",
    "log_type": "INFO",
    "log_content": "[INFO] Loaded face encondings from database."
}{
    "timestamp": "24-05-2023 @ 06:32:38",
    "request": "<Request 'http://192.168.10.209:4410/match/' [POST]>",
    "source_ip": "192.168.10.66",
    "log_type": "INFO",
    "log_content": "[INFO] Best match for image provided: Employee 101. Confidence Score 0.99999."
}{
    "timestamp": "24-05-2023 @ 06:34:49",
    "request": "__main__",
    "source_ip": "192.168.10.209",
    "log_type": "INFO",
    "log_content": "[FLASK] Starting Flask Server..."
}{
    "timestamp": "24-05-2023 @ 06:34:55",
    "request": "internal_method_call",
    "source_ip": "192.168.10.209",
    "log_type": "INFO",
    "log_content": "[INFO] Loaded face encondings from database."
}{
    "timestamp": "24-05-2023 @ 06:34:55",
    "request": "<Request 'http://192.168.10.209:4410/match/' [POST]>",
    "source_ip": "192.168.10.66",
    "log_type": "INFO",
    "log_content": "[INFO] Best match for image provided: Employee 101. Confidence Score 0.99999."
}{
    "timestamp": "24-05-2023 @ 06:46:33",
    "request": "internal_method_call",
    "source_ip": "192.168.10.209",
    "log_type": "INFO",
    "log_content": "[INFO] Loaded face encondings from database."
}{
    "timestamp": "24-05-2023 @ 06:46:33",
    "request": "<Request 'http://192.168.10.209:4410/match/' [POST]>",
    "source_ip": "192.168.10.66",
    "log_type": "INFO",
    "log_content": "[INFO] Best match for image provided: Employee 101. Confidence Score 0.99999."
}{
    "timestamp": "26-05-2023 @ 09:01:58",
    "request": "__main__",
    "source_ip": "192.168.10.209",
    "log_type": "INFO",
    "log_content": "[FLASK] Starting Flask Server..."
}{
    "timestamp": "12-01-2024 @ 15:28:40",
    "request": "__main__",
    "source_ip": "localhost",
    "log_type": "INFO",
    "log_content": "[FLASK] Starting Flask Server..."
}{
    "timestamp": "12-01-2024 @ 15:29:40",
    "request": "__main__",
    "source_ip": "localhost",
    "log_type": "INFO",
    "log_content": "[FLASK] Starting Flask Server..."
}{
    "timestamp": "12-01-2024 @ 15:42:21",
    "request": "__main__",
    "source_ip": "localhost",
    "log_type": "INFO",
    "log_content": "[FLASK] Starting Flask Server..."
}{
    "timestamp": "12-01-2024 @ 15:43:37",
    "request": "__main__",
    "source_ip": "localhost",
    "log_type": "INFO",
    "log_content": "[FLASK] Starting Flask Server..."
}{
    "timestamp": "12-01-2024 @ 16:01:16",
    "request": "__main__",
    "source_ip": "localhost",
    "log_type": "INFO",
    "log_content": "[FLASK] Starting Flask Server..."
}{
    "timestamp": "12-01-2024 @ 16:08:46",
    "request": "__main__",
    "source_ip": "localhost",
    "log_type": "INFO",
    "log_content": "[FLASK] Starting Flask Server..."
}{
    "timestamp": "12-01-2024 @ 16:08:48",
    "request": "__main__",
    "source_ip": "localhost",
    "log_type": "INFO",
    "log_content": "[FLASK] Starting Flask Server..."
}{
    "timestamp": "12-01-2024 @ 16:09:18",
    "request": "__main__",
    "source_ip": "localhost",
    "log_type": "FATAL",
    "log_content": "[FLASK] Starting Flask Server..."
}{
    "timestamp": "12-01-2024 @ 16:09:18",
    "request": "__main__",
    "source_ip": "localhost",
    "log_type": "FATAL",
    "log_content": "[FLASK] Starting Flask Server..."
}{
    "timestamp": "12-01-2024 @ 16:09:26",
    "request": "__main__",
    "source_ip": "localhost",
    "log_type": "INFO",
    "log_content": "[FLASK] Starting Flask Server..."
}{
    "timestamp": "12-01-2024 @ 16:09:28",
    "request": "__main__",
    "source_ip": "localhost",
    "log_type": "INFO",
    "log_content": "[FLASK] Starting Flask Server..."
}{
    "timestamp": "16-01-2024 @ 11:50:44",
    "request": "__main__",
    "source_ip": "localhost",
    "log_type": "INFO",
    "log_content": "[FLASK] Starting Flask Server..."
}{
    "timestamp": "16-01-2024 @ 11:50:46",
    "request": "__main__",
    "source_ip": "localhost",
    "log_type": "INFO",
    "log_content": "[FLASK] Starting Flask Server..."
}{
    "timestamp": "16-01-2024 @ 15:30:01",
    "request": "__main__",
    "source_ip": "localhost",
    "log_type": "INFO",
    "log_content": "[FLASK] Starting Flask Server..."
}{
    "timestamp": "16-01-2024 @ 15:30:11",
    "request": "__main__",
    "source_ip": "localhost",
    "log_type": "INFO",
    "log_content": "[FLASK] Starting Flask Server..."
}{
    "timestamp": "17-01-2024 @ 08:57:39",
    "request": "__main__",
    "source_ip": "localhost",
    "log_type": "INFO",
    "log_content": "[FLASK] Starting Flask Server..."
}{
    "timestamp": "17-01-2024 @ 08:57:42",
    "request": "__main__",
    "source_ip": "localhost",
    "log_type": "INFO",
    "log_content": "[FLASK] Starting Flask Server..."
}{
    "timestamp": "18-01-2024 @ 11:02:40",
    "request": "__main__",
    "source_ip": "localhost",
    "log_type": "INFO",
    "log_content": "[FLASK] Starting Flask Server..."
}{
    "timestamp": "18-01-2024 @ 11:02:43",
    "request": "__main__",
    "source_ip": "localhost",
    "log_type": "INFO",
    "log_content": "[FLASK] Starting Flask Server..."
}{
    "timestamp": "18-01-2024 @ 21:13:49",
    "request": "__main__",
    "source_ip": "localhost",
    "log_type": "INFO",
    "log_content": "[FLASK] Starting Flask Server..."
}{
    "timestamp": "18-01-2024 @ 21:13:53",
    "request": "__main__",
    "source_ip": "localhost",
    "log_type": "INFO",
    "log_content": "[FLASK] Starting Flask Server..."
}{
    "timestamp": "19-01-2024 @ 11:56:22",
    "request": "__main__",
    "source_ip": "localhost",
    "log_type": "INFO",
    "log_content": "[FLASK] Starting Flask Server..."
}{
    "timestamp": "19-01-2024 @ 11:56:32",
    "request": "__main__",
    "source_ip": "localhost",
    "log_type": "INFO",
    "log_content": "[FLASK] Starting Flask Server..."
}{
    "timestamp": "20-01-2024 @ 11:45:07",
    "request": "__main__",
    "source_ip": "localhost",
    "log_type": "INFO",
    "log_content": "[FLASK] Starting Flask Server..."
}{
    "timestamp": "20-01-2024 @ 11:45:10",
    "request": "__main__",
    "source_ip": "localhost",
    "log_type": "INFO",
    "log_content": "[FLASK] Starting Flask Server..."
}{
    "timestamp": "20-01-2024 @ 12:05:09",
    "request": "__main__",
    "source_ip": "localhost",
    "log_type": "INFO",
    "log_content": "[FLASK] Starting Flask Server..."
}{
    "timestamp": "20-01-2024 @ 12:05:19",
    "request": "__main__",
    "source_ip": "localhost",
    "log_type": "INFO",
    "log_content": "[FLASK] Starting Flask Server..."
}{
    "timestamp": "20-01-2024 @ 12:05:49",
    "request": "__main__",
    "source_ip": "localhost",
    "log_type": "FATAL",
    "log_content": "[FLASK] Starting Flask Server..."
}{
    "timestamp": "20-01-2024 @ 12:05:50",
    "request": "__main__",
    "source_ip": "localhost",
    "log_type": "FATAL",
    "log_content": "[FLASK] Starting Flask Server..."
}{
    "timestamp": "20-01-2024 @ 12:06:03",
    "request": "__main__",
    "source_ip": "localhost",
    "log_type": "INFO",
    "log_content": "[FLASK] Starting Flask Server..."
}{
    "timestamp": "20-01-2024 @ 12:06:14",
    "request": "__main__",
    "source_ip": "localhost",
    "log_type": "INFO",
    "log_content": "[FLASK] Starting Flask Server..."
}{
    "timestamp": "20-01-2024 @ 12:07:38",
    "request": "__main__",
    "source_ip": "localhost",
    "log_type": "FATAL",
    "log_content": "[FLASK] Starting Flask Server..."
}{
    "timestamp": "20-01-2024 @ 12:07:39",
    "request": "__main__",
    "source_ip": "localhost",
    "log_type": "FATAL",
    "log_content": "[FLASK] Starting Flask Server..."
}{
    "timestamp": "20-01-2024 @ 12:07:58",
    "request": "__main__",
    "source_ip": "localhost",
    "log_type": "INFO",
    "log_content": "[FLASK] Starting Flask Server..."
}{
    "timestamp": "20-01-2024 @ 12:08:09",
    "request": "__main__",
    "source_ip": "localhost",
    "log_type": "INFO",
    "log_content": "[FLASK] Starting Flask Server..."
}{
    "timestamp": "21-01-2024 @ 08:55:20",
    "request": "__main__",
    "source_ip": "localhost",
    "log_type": "INFO",
    "log_content": "[FLASK] Starting Flask Server..."
}{
    "timestamp": "21-01-2024 @ 08:55:23",
    "request": "__main__",
    "source_ip": "localhost",
    "log_type": "INFO",
    "log_content": "[FLASK] Starting Flask Server..."
}{
    "timestamp": "22-01-2024 @ 09:07:38",
    "request": "__main__",
    "source_ip": "localhost",
    "log_type": "INFO",
    "log_content": "[FLASK] Starting Flask Server..."
}{
    "timestamp": "22-01-2024 @ 09:07:40",
    "request": "__main__",
    "source_ip": "localhost",
    "log_type": "INFO",
    "log_content": "[FLASK] Starting Flask Server..."
}{
    "timestamp": "24-01-2024 @ 09:32:24",
    "request": "__main__",
    "source_ip": "localhost",
    "log_type": "INFO",
    "log_content": "[FLASK] Starting Flask Server..."
}{
    "timestamp": "24-01-2024 @ 09:32:28",
    "request": "__main__",
    "source_ip": "localhost",
    "log_type": "INFO",
    "log_content": "[FLASK] Starting Flask Server..."
}{
    "timestamp": "24-01-2024 @ 10:16:27",
    "request": "__main__",
    "source_ip": "localhost",
    "log_type": "FATAL",
    "log_content": "[FLASK] Starting Flask Server..."
}{
    "timestamp": "24-01-2024 @ 10:16:27",
    "request": "__main__",
    "source_ip": "localhost",
    "log_type": "FATAL",
    "log_content": "[FLASK] Starting Flask Server..."
}{
    "timestamp": "24-01-2024 @ 10:16:37",
    "request": "__main__",
    "source_ip": "localhost",
    "log_type": "INFO",
    "log_content": "[FLASK] Starting Flask Server..."
}{
    "timestamp": "24-01-2024 @ 10:16:45",
    "request": "__main__",
    "source_ip": "localhost",
    "log_type": "INFO",
    "log_content": "[FLASK] Starting Flask Server..."
}