{
    "timestamp": "22-05-2023 @ 14:00:46",
    "request": "__main__",
    "source_ip": "192.168.10.209",
    "log_type": "INFO",
    "log_content": "[FLASK] Starting Flask Server..."
}{
    "timestamp": "23-05-2023 @ 09:35:09",
    "request": "__main__",
    "source_ip": "192.168.10.209",
    "log_type": "INFO",
    "log_content": "[FLASK] Starting Flask Server..."
}{
    "timestamp": "23-05-2023 @ 14:42:55",
    "request": "__main__",
    "source_ip": "192.168.10.209",
    "log_type": "INFO",
    "log_content": "[FLASK] Starting Flask Server..."
}{
    "timestamp": "23-05-2023 @ 15:06:16",
    "request": "__main__",
    "source_ip": "192.168.10.209",
    "log_type": "INFO",
    "log_content": "[FLASK] Starting Flask Server..."
}{
    "timestamp": "24-05-2023 @ 06:30:55",
    "request": "__main__",
    "source_ip": "192.168.10.209",
    "log_type": "INFO",
    "log_content": "[FLASK] Starting Flask Server..."
}{
    "timestamp": "24-05-2023 @ 06:32:22",
    "request": "__main__",
    "source_ip": "192.168.10.209",
    "log_type": "INFO",
    "log_content": "[FLASK] Starting Flask Server..."
}{
    "timestamp": "24-05-2023 @ 06:34:49",
    "request": "__main__",
    "source_ip": "192.168.10.209",
    "log_type": "INFO",
    "log_content": "[FLASK] Starting Flask Server..."
}{
    "timestamp": "26-05-2023 @ 09:01:58",
    "request": "__main__",
    "source_ip": "192.168.10.209",
    "log_type": "INFO",
    "log_content": "[FLASK] Starting Flask Server..."
}{
    "timestamp": "12-01-2024 @ 15:28:40",
    "request": "__main__",
    "source_ip": "localhost",
    "log_type": "INFO",
    "log_content": "[FLASK] Starting Flask Server..."
}{
    "timestamp": "12-01-2024 @ 15:29:40",
    "request": "__main__",
    "source_ip": "localhost",
    "log_type": "INFO",
    "log_content": "[FLASK] Starting Flask Server..."
}{
    "timestamp": "12-01-2024 @ 15:42:21",
    "request": "__main__",
    "source_ip": "localhost",
    "log_type": "INFO",
    "log_content": "[FLASK] Starting Flask Server..."
}{
    "timestamp": "12-01-2024 @ 15:43:37",
    "request": "__main__",
    "source_ip": "localhost",
    "log_type": "INFO",
    "log_content": "[FLASK] Starting Flask Server..."
}{
    "timestamp": "12-01-2024 @ 16:01:16",
    "request": "__main__",
    "source_ip": "localhost",
    "log_type": "INFO",
    "log_content": "[FLASK] Starting Flask Server..."
}{
    "timestamp": "12-01-2024 @ 16:08:46",
    "request": "__main__",
    "source_ip": "localhost",
    "log_type": "INFO",
    "log_content": "[FLASK] Starting Flask Server..."
}{
    "timestamp": "12-01-2024 @ 16:08:48",
    "request": "__main__",
    "source_ip": "localhost",
    "log_type": "INFO",
    "log_content": "[FLASK] Starting Flask Server..."
}{
    "timestamp": "12-01-2024 @ 16:09:18",
    "request": "__main__",
    "source_ip": "localhost",
    "log_type": "FATAL",
    "log_content": "[FLASK] Starting Flask Server..."
}{
    "timestamp": "12-01-2024 @ 16:09:18",
    "request": "__main__",
    "source_ip": "localhost",
    "log_type": "FATAL",
    "log_content": "[FLASK] Starting Flask Server..."
}{
    "timestamp": "12-01-2024 @ 16:09:26",
    "request": "__main__",
    "source_ip": "localhost",
    "log_type": "INFO",
    "log_content": "[FLASK] Starting Flask Server..."
}{
    "timestamp": "12-01-2024 @ 16:09:28",
    "request": "__main__",
    "source_ip": "localhost",
    "log_type": "INFO",
    "log_content": "[FLASK] Starting Flask Server..."
}{
    "timestamp": "16-01-2024 @ 11:50:44",
    "request": "__main__",
    "source_ip": "localhost",
    "log_type": "INFO",
    "log_content": "[FLASK] Starting Flask Server..."
}{
    "timestamp": "16-01-2024 @ 11:50:46",
    "request": "__main__",
    "source_ip": "localhost",
    "log_type": "INFO",
    "log_content": "[FLASK] Starting Flask Server..."
}